# JRE version: OpenJDK Runtime Environment Temurin-17.0.7+7 (17.0.7+7) (build 17.0.7+7)
# Java VM: OpenJDK 64-Bit Server VM Temurin-17.0.7+7 (17.0.7+7, mixed mode, emulated-client, tiered, compressed oops, compressed class ptrs, g1 gc, windows-amd64)
GC Precious Log:
 CPUs: 12 total, 12 available
 Memory: 7579M
 Large Page Support: Disabled
 NUMA Support: Disabled
 Compressed Oops: Enabled (32-bit)
 Heap Region Size: 1M
 Heap Min Capacity: 8M
 Heap Initial Capacity: 120M
 Heap Max Capacity: 1G
 Pre-touch: Disabled
 Parallel Workers: 10
 Concurrent Workers: 3
 Concurrent Refinement Workers: 10
 Periodic GC: Disabled
Heap:
 garbage-first heap   total 273408K, used 81885K [0x00000000c0000000, 0x0000000100000000)
  region size 1024K, 1 young (1024K), 0 survivors (0K)
 Metaspace       used 74657K, committed 75520K, reserved 1114112K
  class space    used 10211K, committed 10560K, reserved 1048576K
GC Heap History (20 events):
Event: 505.596 GC heap before
{Heap before GC invocations=124 (full 36):
 garbage-first heap   total 273408K, used 90211K [0x00000000c0000000, 0x0000000100000000)
  region size 1024K, 10 young (10240K), 0 survivors (0K)
 Metaspace       used 74627K, committed 75520K, reserved 1114112K
  class space    used 10204K, committed 10560K, reserved 1048576K
}
Event: 505.789 GC heap after
{Heap after GC invocations=125 (full 37):
 garbage-first heap   total 273408K, used 81057K [0x00000000c0000000, 0x0000000100000000)
  region size 1024K, 0 young (0K), 0 survivors (0K)
 Metaspace       used 74627K, committed 75520K, reserved 1114112K
  class space    used 10204K, committed 10560K, reserved 1048576K
}
Event: 516.168 GC heap before
{Heap before GC invocations=125 (full 37):
 garbage-first heap   total 273408K, used 81057K [0x00000000c0000000, 0x0000000100000000)
  region size 1024K, 1 young (1024K), 0 survivors (0K)
 Metaspace       used 74627K, committed 75520K, reserved 1114112K
  class space    used 10204K, committed 10560K, reserved 1048576K
}
Event: 516.233 GC heap after
{Heap after GC invocations=126 (full 38):
 garbage-first heap   total 273408K, used 81057K [0x00000000c0000000, 0x0000000100000000)
  region size 1024K, 0 young (0K), 0 survivors (0K)
 Metaspace       used 74627K, committed 75520K, reserved 1114112K
  class space    used 10204K, committed 10560K, reserved 1048576K
}
Event: 526.577 GC heap before
{Heap before GC invocations=126 (full 38):
 garbage-first heap   total 273408K, used 81057K [0x00000000c0000000, 0x0000000100000000)
  region size 1024K, 1 young (1024K), 0 survivors (0K)
 Metaspace       used 74627K, committed 75520K, reserved 1114112K
  class space    used 10204K, committed 10560K, reserved 1048576K
}
Event: 526.629 GC heap after
{Heap after GC invocations=127 (full 39):
 garbage-first heap   total 273408K, used 81057K [0x00000000c0000000, 0x0000000100000000)
  region size 1024K, 0 young (0K), 0 survivors (0K)
 Metaspace       used 74627K, committed 75520K, reserved 1114112K
  class space    used 10204K, committed 10560K, reserved 1048576K
}
Event: 537.011 GC heap before
{Heap before GC invocations=127 (full 39):
 garbage-first heap   total 273408K, used 81057K [0x00000000c0000000, 0x0000000100000000)
  region size 1024K, 1 young (1024K), 0 survivors (0K)
 Metaspace       used 74627K, committed 75520K, reserved 1114112K
  class space    used 10204K, committed 10560K, reserved 1048576K
}
Event: 537.067 GC heap after
{Heap after GC invocations=128 (full 40):
 garbage-first heap   total 273408K, used 81055K [0x00000000c0000000, 0x0000000100000000)
  region size 1024K, 0 young (0K), 0 survivors (0K)
 Metaspace       used 74627K, committed 75520K, reserved 1114112K
  class space    used 10204K, committed 10560K, reserved 1048576K
}
Event: 547.453 GC heap before
{Heap before GC invocations=128 (full 40):
 garbage-first heap   total 273408K, used 81055K [0x00000000c0000000, 0x0000000100000000)
  region size 1024K, 1 young (1024K), 0 survivors (0K)
 Metaspace       used 74627K, committed 75520K, reserved 1114112K
  class space    used 10204K, committed 10560K, reserved 1048576K
}
Event: 547.502 GC heap after
{Heap after GC invocations=129 (full 41):
 garbage-first heap   total 273408K, used 81055K [0x00000000c0000000, 0x0000000100000000)
  region size 1024K, 0 young (0K), 0 survivors (0K)
 Metaspace       used 74627K, committed 75520K, reserved 1114112K
  class space    used 10204K, committed 10560K, reserved 1048576K
}
Event: 557.883 GC heap before
{Heap before GC invocations=129 (full 41):
 garbage-first heap   total 273408K, used 81055K [0x00000000c0000000, 0x0000000100000000)
  region size 1024K, 1 young (1024K), 0 survivors (0K)
 Metaspace       used 74627K, committed 75520K, reserved 1114112K
  class space    used 10204K, committed 10560K, reserved 1048576K
}
Event: 557.936 GC heap after
{Heap after GC invocations=130 (full 42):
 garbage-first heap   total 273408K, used 81055K [0x00000000c0000000, 0x0000000100000000)
  region size 1024K, 0 young (0K), 0 survivors (0K)
 Metaspace       used 74627K, committed 75520K, reserved 1114112K
  class space    used 10204K, committed 10560K, reserved 1048576K
}
Event: 568.351 GC heap before
{Heap before GC invocations=130 (full 42):
 garbage-first heap   total 273408K, used 81055K [0x00000000c0000000, 0x0000000100000000)
  region size 1024K, 1 young (1024K), 0 survivors (0K)
 Metaspace       used 74627K, committed 75520K, reserved 1114112K
  class space    used 10204K, committed 10560K, reserved 1048576K
}
Event: 568.423 GC heap after
{Heap after GC invocations=131 (full 43):
 garbage-first heap   total 273408K, used 81055K [0x00000000c0000000, 0x0000000100000000)
  region size 1024K, 0 young (0K), 0 survivors (0K)
 Metaspace       used 74627K, committed 75520K, reserved 1114112K
  class space    used 10204K, committed 10560K, reserved 1048576K
}
Event: 618.990 GC heap before
{Heap before GC invocations=131 (full 43):
 garbage-first heap   total 273408K, used 91295K [0x00000000c0000000, 0x0000000100000000)
  region size 1024K, 11 young (11264K), 0 survivors (0K)
 Metaspace       used 74657K, committed 75520K, reserved 1114112K
  class space    used 10211K, committed 10560K, reserved 1048576K
}
Event: 620.309 GC heap after
{Heap after GC invocations=132 (full 44):
 garbage-first heap   total 273408K, used 81888K [0x00000000c0000000, 0x0000000100000000)
  region size 1024K, 0 young (0K), 0 survivors (0K)
 Metaspace       used 74657K, committed 75520K, reserved 1114112K
  class space    used 10211K, committed 10560K, reserved 1048576K
}
Event: 630.671 GC heap before
{Heap before GC invocations=132 (full 44):
 garbage-first heap   total 273408K, used 81888K [0x00000000c0000000, 0x0000000100000000)
  region size 1024K, 1 young (1024K), 0 survivors (0K)
 Metaspace       used 74657K, committed 75520K, reserved 1114112K
  class space    used 10211K, committed 10560K, reserved 1048576K
}
Event: 630.729 GC heap after
{Heap after GC invocations=133 (full 45):
 garbage-first heap   total 273408K, used 81887K [0x00000000c0000000, 0x0000000100000000)
  region size 1024K, 0 young (0K), 0 survivors (0K)
 Metaspace       used 74657K, committed 75520K, reserved 1114112K
  class space    used 10211K, committed 10560K, reserved 1048576K
}
Event: 641.312 GC heap before
{Heap before GC invocations=133 (full 45):
 garbage-first heap   total 273408K, used 81887K [0x00000000c0000000, 0x0000000100000000)
  region size 1024K, 1 young (1024K), 0 survivors (0K)
 Metaspace       used 74657K, committed 75520K, reserved 1114112K
  class space    used 10211K, committed 10560K, reserved 1048576K
}
Event: 641.372 GC heap after
{Heap after GC invocations=134 (full 46):
 garbage-first heap   total 273408K, used 81885K [0x00000000c0000000, 0x0000000100000000)
  region size 1024K, 0 young (0K), 0 survivors (0K)
 Metaspace       used 74657K, committed 75520K, reserved 1114112K
  class space    used 10211K, committed 10560K, reserved 1048576K
}

