# JRE version: OpenJDK Runtime Environment Temurin-17.0.7+7 (17.0.7+7) (build 17.0.7+7)
# Java VM: OpenJDK 64-Bit Server VM Temurin-17.0.7+7 (17.0.7+7, mixed mode, tiered, compressed oops, compressed class ptrs, parallel gc, windows-amd64)
GC Precious Log:
 CPUs: 12 total, 12 available
 Memory: 7579M
 Large Page Support: Disabled
 NUMA Support: Disabled
 Compressed Oops: Enabled (32-bit)
 Alignments: Space 512K, Generation 512K, Heap 2M
 Heap Min Capacity: 100M
 Heap Initial Capacity: 100M
 Heap Max Capacity: 1G
 Pre-touch: Disabled
 Parallel Workers: 10
Heap:
 PSYoungGen      total 19968K, used 15568K [0x00000000eab00000, 0x00000000ec800000, 0x0000000100000000)
  eden space 11264K, 62% used [0x00000000eab00000,0x00000000eb1da120,0x00000000eb600000)
  from space 8704K, 98% used [0x00000000ebf80000,0x00000000ec7deb00,0x00000000ec800000)
  to   space 9216K, 0% used [0x00000000eb600000,0x00000000eb600000,0x00000000ebf00000)
 ParOldGen       total 372736K, used 354280K [0x00000000c0000000, 0x00000000d6c00000, 0x00000000eab00000)
  object space 372736K, 95% used [0x00000000c0000000,0x00000000d59fa328,0x00000000d6c00000)
 Metaspace       used 72185K, committed 73536K, reserved 1179648K
  class space    used 7537K, committed 8128K, reserved 1048576K
GC Heap History (20 events):
Event: 53.974 GC heap before
{Heap before GC invocations=662 (full 15):
 PSYoungGen      total 11776K, used 11075K [0x00000000eab00000, 0x00000000ebe00000, 0x0000000100000000)
  eden space 6656K, 95% used [0x00000000eab00000,0x00000000eb12df40,0x00000000eb180000)
  from space 5120K, 92% used [0x00000000eb900000,0x00000000ebda2d78,0x00000000ebe00000)
  to   space 6144K, 0% used [0x00000000eb200000,0x00000000eb200000,0x00000000eb800000)
 ParOldGen       total 338944K, used 329045K [0x00000000c0000000, 0x00000000d4b00000, 0x00000000eab00000)
  object space 338944K, 97% used [0x00000000c0000000,0x00000000d4155478,0x00000000d4b00000)
 Metaspace       used 72124K, committed 73472K, reserved 1114112K
  class space    used 7536K, committed 8128K, reserved 1048576K
}
Event: 53.993 GC heap after
{Heap after GC invocations=662 (full 15):
 PSYoungGen      total 13312K, used 6135K [0x00000000eab00000, 0x00000000eca80000, 0x0000000100000000)
  eden space 7168K, 0% used [0x00000000eab00000,0x00000000eab00000,0x00000000eb200000)
  from space 6144K, 99% used [0x00000000eb200000,0x00000000eb7fdcc0,0x00000000eb800000)
  to   space 12288K, 0% used [0x00000000ebe80000,0x00000000ebe80000,0x00000000eca80000)
 ParOldGen       total 338944K, used 333705K [0x00000000c0000000, 0x00000000d4b00000, 0x00000000eab00000)
  object space 338944K, 98% used [0x00000000c0000000,0x00000000d45e2678,0x00000000d4b00000)
 Metaspace       used 72124K, committed 73472K, reserved 1114112K
  class space    used 7536K, committed 8128K, reserved 1048576K
}
Event: 54.198 GC heap before
{Heap before GC invocations=663 (full 15):
 PSYoungGen      total 13312K, used 13303K [0x00000000eab00000, 0x00000000eca80000, 0x0000000100000000)
  eden space 7168K, 100% used [0x00000000eab00000,0x00000000eb200000,0x00000000eb200000)
  from space 6144K, 99% used [0x00000000eb200000,0x00000000eb7fdcc0,0x00000000eb800000)
  to   space 12288K, 0% used [0x00000000ebe80000,0x00000000ebe80000,0x00000000eca80000)
 ParOldGen       total 338944K, used 333705K [0x00000000c0000000, 0x00000000d4b00000, 0x00000000eab00000)
  object space 338944K, 98% used [0x00000000c0000000,0x00000000d45e2678,0x00000000d4b00000)
 Metaspace       used 72124K, committed 73472K, reserved 1114112K
  class space    used 7536K, committed 8128K, reserved 1048576K
}
Event: 54.220 GC heap after
{Heap after GC invocations=663 (full 15):
 PSYoungGen      total 15872K, used 7337K [0x00000000eab00000, 0x00000000ec600000, 0x0000000100000000)
  eden space 8192K, 0% used [0x00000000eab00000,0x00000000eab00000,0x00000000eb300000)
  from space 7680K, 95% used [0x00000000ebe80000,0x00000000ec5aa4d8,0x00000000ec600000)
  to   space 8704K, 0% used [0x00000000eb500000,0x00000000eb500000,0x00000000ebd80000)
 ParOldGen       total 339968K, used 339849K [0x00000000c0000000, 0x00000000d4c00000, 0x00000000eab00000)
  object space 339968K, 99% used [0x00000000c0000000,0x00000000d4be2758,0x00000000d4c00000)
 Metaspace       used 72124K, committed 73472K, reserved 1114112K
  class space    used 7536K, committed 8128K, reserved 1048576K
}
Event: 54.220 GC heap before
{Heap before GC invocations=664 (full 16):
 PSYoungGen      total 15872K, used 7337K [0x00000000eab00000, 0x00000000ec600000, 0x0000000100000000)
  eden space 8192K, 0% used [0x00000000eab00000,0x00000000eab00000,0x00000000eb300000)
  from space 7680K, 95% used [0x00000000ebe80000,0x00000000ec5aa4d8,0x00000000ec600000)
  to   space 8704K, 0% used [0x00000000eb500000,0x00000000eb500000,0x00000000ebd80000)
 ParOldGen       total 339968K, used 339849K [0x00000000c0000000, 0x00000000d4c00000, 0x00000000eab00000)
  object space 339968K, 99% used [0x00000000c0000000,0x00000000d4be2758,0x00000000d4c00000)
 Metaspace       used 72124K, committed 73472K, reserved 1114112K
  class space    used 7536K, committed 8128K, reserved 1048576K
}
Event: 54.543 GC heap after
{Heap after GC invocations=664 (full 16):
 PSYoungGen      total 9728K, used 0K [0x00000000eab00000, 0x00000000ec500000, 0x0000000100000000)
  eden space 9216K, 0% used [0x00000000eab00000,0x00000000eab00000,0x00000000eb400000)
  from space 512K, 0% used [0x00000000eb500000,0x00000000eb500000,0x00000000eb580000)
  to   space 8704K, 0% used [0x00000000ebc80000,0x00000000ebc80000,0x00000000ec500000)
 ParOldGen       total 372736K, used 333821K [0x00000000c0000000, 0x00000000d6c00000, 0x00000000eab00000)
  object space 372736K, 89% used [0x00000000c0000000,0x00000000d45ff428,0x00000000d6c00000)
 Metaspace       used 72124K, committed 73472K, reserved 1114112K
  class space    used 7536K, committed 8128K, reserved 1048576K
}
Event: 54.848 GC heap before
{Heap before GC invocations=665 (full 16):
 PSYoungGen      total 9728K, used 9216K [0x00000000eab00000, 0x00000000ec500000, 0x0000000100000000)
  eden space 9216K, 100% used [0x00000000eab00000,0x00000000eb400000,0x00000000eb400000)
  from space 512K, 0% used [0x00000000eb500000,0x00000000eb500000,0x00000000eb580000)
  to   space 8704K, 0% used [0x00000000ebc80000,0x00000000ebc80000,0x00000000ec500000)
 ParOldGen       total 372736K, used 333821K [0x00000000c0000000, 0x00000000d6c00000, 0x00000000eab00000)
  object space 372736K, 89% used [0x00000000c0000000,0x00000000d45ff428,0x00000000d6c00000)
 Metaspace       used 72124K, committed 73472K, reserved 1114112K
  class space    used 7536K, committed 8128K, reserved 1048576K
}
Event: 54.868 GC heap after
{Heap after GC invocations=665 (full 16):
 PSYoungGen      total 17920K, used 7458K [0x00000000eab00000, 0x00000000ec400000, 0x0000000100000000)
  eden space 10240K, 0% used [0x00000000eab00000,0x00000000eab00000,0x00000000eb500000)
  from space 7680K, 97% used [0x00000000ebc80000,0x00000000ec3c8b70,0x00000000ec400000)
  to   space 7680K, 0% used [0x00000000eb500000,0x00000000eb500000,0x00000000ebc80000)
 ParOldGen       total 372736K, used 333821K [0x00000000c0000000, 0x00000000d6c00000, 0x00000000eab00000)
  object space 372736K, 89% used [0x00000000c0000000,0x00000000d45ff428,0x00000000d6c00000)
 Metaspace       used 72124K, committed 73472K, reserved 1114112K
  class space    used 7536K, committed 8128K, reserved 1048576K
}
Event: 56.497 GC heap before
{Heap before GC invocations=666 (full 16):
 PSYoungGen      total 17920K, used 17698K [0x00000000eab00000, 0x00000000ec400000, 0x0000000100000000)
  eden space 10240K, 100% used [0x00000000eab00000,0x00000000eb500000,0x00000000eb500000)
  from space 7680K, 97% used [0x00000000ebc80000,0x00000000ec3c8b70,0x00000000ec400000)
  to   space 7680K, 0% used [0x00000000eb500000,0x00000000eb500000,0x00000000ebc80000)
 ParOldGen       total 372736K, used 333821K [0x00000000c0000000, 0x00000000d6c00000, 0x00000000eab00000)
  object space 372736K, 89% used [0x00000000c0000000,0x00000000d45ff428,0x00000000d6c00000)
 Metaspace       used 72137K, committed 73472K, reserved 1114112K
  class space    used 7536K, committed 8128K, reserved 1048576K
}
Event: 56.512 GC heap after
{Heap after GC invocations=666 (full 16):
 PSYoungGen      total 17920K, used 7648K [0x00000000eab00000, 0x00000000ecf00000, 0x0000000100000000)
  eden space 10240K, 0% used [0x00000000eab00000,0x00000000eab00000,0x00000000eb500000)
  from space 7680K, 99% used [0x00000000eb500000,0x00000000ebc78318,0x00000000ebc80000)
  to   space 12800K, 0% used [0x00000000ec280000,0x00000000ec280000,0x00000000ecf00000)
 ParOldGen       total 372736K, used 338179K [0x00000000c0000000, 0x00000000d6c00000, 0x00000000eab00000)
  object space 372736K, 90% used [0x00000000c0000000,0x00000000d4a40c88,0x00000000d6c00000)
 Metaspace       used 72137K, committed 73472K, reserved 1114112K
  class space    used 7536K, committed 8128K, reserved 1048576K
}
Event: 56.754 GC heap before
{Heap before GC invocations=667 (full 16):
 PSYoungGen      total 17920K, used 17888K [0x00000000eab00000, 0x00000000ecf00000, 0x0000000100000000)
  eden space 10240K, 100% used [0x00000000eab00000,0x00000000eb500000,0x00000000eb500000)
  from space 7680K, 99% used [0x00000000eb500000,0x00000000ebc78318,0x00000000ebc80000)
  to   space 12800K, 0% used [0x00000000ec280000,0x00000000ec280000,0x00000000ecf00000)
 ParOldGen       total 372736K, used 338179K [0x00000000c0000000, 0x00000000d6c00000, 0x00000000eab00000)
  object space 372736K, 90% used [0x00000000c0000000,0x00000000d4a40c88,0x00000000d6c00000)
 Metaspace       used 72156K, committed 73472K, reserved 1114112K
  class space    used 7536K, committed 8128K, reserved 1048576K
}
Event: 56.763 GC heap after
{Heap after GC invocations=667 (full 16):
 PSYoungGen      total 13824K, used 3474K [0x00000000eab00000, 0x00000000ec600000, 0x0000000100000000)
  eden space 10240K, 0% used [0x00000000eab00000,0x00000000eab00000,0x00000000eb500000)
  from space 3584K, 96% used [0x00000000ec280000,0x00000000ec5e4a88,0x00000000ec600000)
  to   space 6656K, 0% used [0x00000000eb900000,0x00000000eb900000,0x00000000ebf80000)
 ParOldGen       total 372736K, used 345722K [0x00000000c0000000, 0x00000000d6c00000, 0x00000000eab00000)
  object space 372736K, 92% used [0x00000000c0000000,0x00000000d519e958,0x00000000d6c00000)
 Metaspace       used 72156K, committed 73472K, reserved 1114112K
  class space    used 7536K, committed 8128K, reserved 1048576K
}
Event: 57.074 GC heap before
{Heap before GC invocations=668 (full 16):
 PSYoungGen      total 13824K, used 13714K [0x00000000eab00000, 0x00000000ec600000, 0x0000000100000000)
  eden space 10240K, 100% used [0x00000000eab00000,0x00000000eb500000,0x00000000eb500000)
  from space 3584K, 96% used [0x00000000ec280000,0x00000000ec5e4a88,0x00000000ec600000)
  to   space 6656K, 0% used [0x00000000eb900000,0x00000000eb900000,0x00000000ebf80000)
 ParOldGen       total 372736K, used 345722K [0x00000000c0000000, 0x00000000d6c00000, 0x00000000eab00000)
  object space 372736K, 92% used [0x00000000c0000000,0x00000000d519e958,0x00000000d6c00000)
 Metaspace       used 72156K, committed 73472K, reserved 1114112K
  class space    used 7536K, committed 8128K, reserved 1048576K
}
Event: 57.078 GC heap after
{Heap after GC invocations=668 (full 16):
 PSYoungGen      total 16896K, used 6386K [0x00000000eab00000, 0x00000000ec300000, 0x0000000100000000)
  eden space 10240K, 0% used [0x00000000eab00000,0x00000000eab00000,0x00000000eb500000)
  from space 6656K, 95% used [0x00000000eb900000,0x00000000ebf3ca88,0x00000000ebf80000)
  to   space 3584K, 0% used [0x00000000ebf80000,0x00000000ebf80000,0x00000000ec300000)
 ParOldGen       total 372736K, used 345722K [0x00000000c0000000, 0x00000000d6c00000, 0x00000000eab00000)
  object space 372736K, 92% used [0x00000000c0000000,0x00000000d519e958,0x00000000d6c00000)
 Metaspace       used 72156K, committed 73472K, reserved 1114112K
  class space    used 7536K, committed 8128K, reserved 1048576K
}
Event: 57.323 GC heap before
{Heap before GC invocations=669 (full 16):
 PSYoungGen      total 16896K, used 16626K [0x00000000eab00000, 0x00000000ec300000, 0x0000000100000000)
  eden space 10240K, 100% used [0x00000000eab00000,0x00000000eb500000,0x00000000eb500000)
  from space 6656K, 95% used [0x00000000eb900000,0x00000000ebf3ca88,0x00000000ebf80000)
  to   space 3584K, 0% used [0x00000000ebf80000,0x00000000ebf80000,0x00000000ec300000)
 ParOldGen       total 372736K, used 345722K [0x00000000c0000000, 0x00000000d6c00000, 0x00000000eab00000)
  object space 372736K, 92% used [0x00000000c0000000,0x00000000d519e958,0x00000000d6c00000)
 Metaspace       used 72167K, committed 73536K, reserved 1179648K
  class space    used 7536K, committed 8128K, reserved 1048576K
}
Event: 57.331 GC heap after
{Heap after GC invocations=669 (full 16):
 PSYoungGen      total 13824K, used 3558K [0x00000000eab00000, 0x00000000ec900000, 0x0000000100000000)
  eden space 10240K, 0% used [0x00000000eab00000,0x00000000eab00000,0x00000000eb500000)
  from space 3584K, 99% used [0x00000000ebf80000,0x00000000ec2f99d0,0x00000000ec300000)
  to   space 10240K, 0% used [0x00000000eb500000,0x00000000eb500000,0x00000000ebf00000)
 ParOldGen       total 372736K, used 351733K [0x00000000c0000000, 0x00000000d6c00000, 0x00000000eab00000)
  object space 372736K, 94% used [0x00000000c0000000,0x00000000d577d668,0x00000000d6c00000)
 Metaspace       used 72167K, committed 73536K, reserved 1179648K
  class space    used 7536K, committed 8128K, reserved 1048576K
}
Event: 57.362 GC heap before
{Heap before GC invocations=670 (full 16):
 PSYoungGen      total 13824K, used 13798K [0x00000000eab00000, 0x00000000ec900000, 0x0000000100000000)
  eden space 10240K, 100% used [0x00000000eab00000,0x00000000eb500000,0x00000000eb500000)
  from space 3584K, 99% used [0x00000000ebf80000,0x00000000ec2f99d0,0x00000000ec300000)
  to   space 10240K, 0% used [0x00000000eb500000,0x00000000eb500000,0x00000000ebf00000)
 ParOldGen       total 372736K, used 351733K [0x00000000c0000000, 0x00000000d6c00000, 0x00000000eab00000)
  object space 372736K, 94% used [0x00000000c0000000,0x00000000d577d668,0x00000000d6c00000)
 Metaspace       used 72167K, committed 73536K, reserved 1179648K
  class space    used 7536K, committed 8128K, reserved 1048576K
}
Event: 57.371 GC heap after
{Heap after GC invocations=670 (full 16):
 PSYoungGen      total 20480K, used 9071K [0x00000000eab00000, 0x00000000ec900000, 0x0000000100000000)
  eden space 10240K, 0% used [0x00000000eab00000,0x00000000eab00000,0x00000000eb500000)
  from space 10240K, 88% used [0x00000000eb500000,0x00000000ebddbc98,0x00000000ebf00000)
  to   space 9728K, 0% used [0x00000000ebf80000,0x00000000ebf80000,0x00000000ec900000)
 ParOldGen       total 372736K, used 354280K [0x00000000c0000000, 0x00000000d6c00000, 0x00000000eab00000)
  object space 372736K, 95% used [0x00000000c0000000,0x00000000d59fa328,0x00000000d6c00000)
 Metaspace       used 72167K, committed 73536K, reserved 1179648K
  class space    used 7536K, committed 8128K, reserved 1048576K
}
Event: 57.965 GC heap before
{Heap before GC invocations=671 (full 16):
 PSYoungGen      total 20480K, used 19311K [0x00000000eab00000, 0x00000000ec900000, 0x0000000100000000)
  eden space 10240K, 100% used [0x00000000eab00000,0x00000000eb500000,0x00000000eb500000)
  from space 10240K, 88% used [0x00000000eb500000,0x00000000ebddbc98,0x00000000ebf00000)
  to   space 9728K, 0% used [0x00000000ebf80000,0x00000000ebf80000,0x00000000ec900000)
 ParOldGen       total 372736K, used 354280K [0x00000000c0000000, 0x00000000d6c00000, 0x00000000eab00000)
  object space 372736K, 95% used [0x00000000c0000000,0x00000000d59fa328,0x00000000d6c00000)
 Metaspace       used 72167K, committed 73536K, reserved 1179648K
  class space    used 7536K, committed 8128K, reserved 1048576K
}
Event: 57.981 GC heap after
{Heap after GC invocations=671 (full 16):
 PSYoungGen      total 19968K, used 8570K [0x00000000eab00000, 0x00000000ec800000, 0x0000000100000000)
  eden space 11264K, 0% used [0x00000000eab00000,0x00000000eab00000,0x00000000eb600000)
  from space 8704K, 98% used [0x00000000ebf80000,0x00000000ec7deb00,0x00000000ec800000)
  to   space 9216K, 0% used [0x00000000eb600000,0x00000000eb600000,0x00000000ebf00000)
 ParOldGen       total 372736K, used 354280K [0x00000000c0000000, 0x00000000d6c00000, 0x00000000eab00000)
  object space 372736K, 95% used [0x00000000c0000000,0x00000000d59fa328,0x00000000d6c00000)
 Metaspace       used 72167K, committed 73536K, reserved 1179648K
  class space    used 7536K, committed 8128K, reserved 1048576K
}

